<?xml version="1.0" encoding="UTF-8"?>
<!-- Generated by org.testng.reporters.JUnitReportReporter -->
<testsuite hostname="LAPTOP-VEBSTKCP" failures="0" tests="1" name="com.qa.tests.GetAPITest" time="2.977" errors="0" timestamp="2024-02-22T10:39:00 IST" skipped="0">
  <testcase classname="com.qa.tests.GetAPITest" name="getAPITest" time="2.977"/>
</testsuite> <!-- com.qa.tests.GetAPITest -->
